<?xml version="1.0" encoding="UTF-8" ?>
<testsuite tests="8" failures="2" name="TestSuite" time="63.972" errors="0" skipped="0">
  <properties>
[...]
</properties>
  <testcase classname="com.FrameWorkDesign.Test.AutomationHomePageTest" name="verifyClickCreateButton" time="5.051"/>
  <testcase classname="com.FrameWorkDesign.Test.AutomationHomePageTest" name="verifyresigstration" time="21.741">
    <failure message="no such element: Unable to locate element: {&quot;method&quot;:&quot;xpath&quot;,&quot;selector&quot;:&quot;//input[@id=&apos;id_gender1&apos; and @name=&apos;id_gender&apos;]&quot;}
  (Session info: chrome=85.0.4183.83)
For documentation on this error, please visit: https://selenium.dev/exceptions/#no_such_element
Build info: version: &apos;4.0.0-alpha-5&apos;, revision: &apos;b3a0d621cc&apos;
System info: host: &apos;DESKTOP-AUC81LG&apos;, ip: &apos;192.168.1.4&apos;, os.name: &apos;Windows 10&apos;, os.arch: &apos;amd64&apos;, os.version: &apos;10.0&apos;, java.version: &apos;11&apos;
Driver info: org.openqa.selenium.chrome.ChromeDriver
Capabilities {acceptInsecureCerts: false, browserName: chrome, browserVersion: 85.0.4183.83, chrome: {chromedriverVersion: 85.0.4183.87 (cd6713ebf92fa..., userDataDir: C:\Windows\TEMP\scoped_dir8...}, goog:chromeOptions: {debuggerAddress: localhost:52006}, javascriptEnabled: true, networkConnectionEnabled: false, pageLoadStrategy: normal, platform: WINDOWS, platformName: WINDOWS, proxy: Proxy(), setWindowRect: true, strictFileInteractability: false, timeouts: {implicit: 0, pageLoad: 300000, script: 30000}, unhandledPromptBehavior: dismiss and notify, webauthn:virtualAuthenticators: true}
Session ID: 46470929df881700a6d87e0ebaf28b53
*** Element info: {Using=xpath, value=//input[@id=&apos;id_gender1&apos; and @name=&apos;id_gender&apos;]}" type="org.openqa.selenium.NoSuchElementException">org.openqa.selenium.NoSuchElementException: no such element: Unable to locate element: {&quot;method&quot;:&quot;xpath&quot;,&quot;selector&quot;:&quot;//input[@id=&apos;id_gender1&apos; and @name=&apos;id_gender&apos;]&quot;}
  (Session info: chrome=85.0.4183.83)
For documentation on this error, please visit: https://selenium.dev/exceptions/#no_such_element
Build info: version: &apos;4.0.0-alpha-5&apos;, revision: &apos;b3a0d621cc&apos;
System info: host: &apos;DESKTOP-AUC81LG&apos;, ip: &apos;192.168.1.4&apos;, os.name: &apos;Windows 10&apos;, os.arch: &apos;amd64&apos;, os.version: &apos;10.0&apos;, java.version: &apos;11&apos;
Driver info: org.openqa.selenium.chrome.ChromeDriver
Capabilities {acceptInsecureCerts: false, browserName: chrome, browserVersion: 85.0.4183.83, chrome: {chromedriverVersion: 85.0.4183.87 (cd6713ebf92fa..., userDataDir: C:\Windows\TEMP\scoped_dir8...}, goog:chromeOptions: {debuggerAddress: localhost:52006}, javascriptEnabled: true, networkConnectionEnabled: false, pageLoadStrategy: normal, platform: WINDOWS, platformName: WINDOWS, proxy: Proxy(), setWindowRect: true, strictFileInteractability: false, timeouts: {implicit: 0, pageLoad: 300000, script: 30000}, unhandledPromptBehavior: dismiss and notify, webauthn:virtualAuthenticators: true}
Session ID: 46470929df881700a6d87e0ebaf28b53
*** Element info: {Using=xpath, value=//input[@id=&apos;id_gender1&apos; and @name=&apos;id_gender&apos;]}
	at java.base/jdk.internal.reflect.NativeConstructorAccessorImpl.newInstance0(Native Method)
	at java.base/jdk.internal.reflect.NativeConstructorAccessorImpl.newInstance(NativeConstructorAccessorImpl.java:62)
	at java.base/jdk.internal.reflect.DelegatingConstructorAccessorImpl.newInstance(DelegatingConstructorAccessorImpl.java:45)
	at java.base/java.lang.reflect.Constructor.newInstance(Constructor.java:490)
	at org.openqa.selenium.remote.codec.w3c.W3CHttpResponseCodec.createException(W3CHttpResponseCodec.java:196)
	at org.openqa.selenium.remote.codec.w3c.W3CHttpResponseCodec.decode(W3CHttpResponseCodec.java:129)
	at org.openqa.selenium.remote.codec.w3c.W3CHttpResponseCodec.decode(W3CHttpResponseCodec.java:53)
	at org.openqa.selenium.remote.HttpCommandExecutor.execute(HttpCommandExecutor.java:161)
	at org.openqa.selenium.remote.service.DriverCommandExecutor.execute(DriverCommandExecutor.java:83)
	at org.openqa.selenium.remote.RemoteWebDriver.execute(RemoteWebDriver.java:582)
	at org.openqa.selenium.remote.RemoteWebDriver.findElement(RemoteWebDriver.java:333)
	at org.openqa.selenium.remote.RemoteWebDriver.findElementByXPath(RemoteWebDriver.java:451)
	at org.openqa.selenium.By$ByXPath.findElement(By.java:394)
	at org.openqa.selenium.remote.RemoteWebDriver.findElement(RemoteWebDriver.java:325)
	at com.FrameWorkDesign.Base.CommonComponents.clickByXpath(CommonComponents.java:505)
	at com.FrameWorkDesign.Page.AutomationPractiseHomePage.verifyRegistration(AutomationPractiseHomePage.java:28)
	at com.FrameWorkDesign.Test.AutomationHomePageTest.verifyresigstration(AutomationHomePageTest.java:54)
</failure>
    <system-out>2020-09-04 16:51:48,072 +0530 [main] INFO  (Reporter.java:49) - Extent report - Create Test is initiated
</system-out>
  </testcase>
  <testcase classname="com.FrameWorkDesign.Test.AutomationHomePageTest" name="verifyLogout" time="20.578">
    <failure message="no such element: Unable to locate element: {&quot;method&quot;:&quot;xpath&quot;,&quot;selector&quot;:&quot;//a[@class=&apos;logout&apos;]&quot;}
  (Session info: chrome=85.0.4183.83)
For documentation on this error, please visit: https://selenium.dev/exceptions/#no_such_element
Build info: version: &apos;4.0.0-alpha-5&apos;, revision: &apos;b3a0d621cc&apos;
System info: host: &apos;DESKTOP-AUC81LG&apos;, ip: &apos;192.168.1.4&apos;, os.name: &apos;Windows 10&apos;, os.arch: &apos;amd64&apos;, os.version: &apos;10.0&apos;, java.version: &apos;11&apos;
Driver info: org.openqa.selenium.chrome.ChromeDriver
Capabilities {acceptInsecureCerts: false, browserName: chrome, browserVersion: 85.0.4183.83, chrome: {chromedriverVersion: 85.0.4183.87 (cd6713ebf92fa..., userDataDir: C:\Windows\TEMP\scoped_dir8...}, goog:chromeOptions: {debuggerAddress: localhost:52006}, javascriptEnabled: true, networkConnectionEnabled: false, pageLoadStrategy: normal, platform: WINDOWS, platformName: WINDOWS, proxy: Proxy(), setWindowRect: true, strictFileInteractability: false, timeouts: {implicit: 0, pageLoad: 300000, script: 30000}, unhandledPromptBehavior: dismiss and notify, webauthn:virtualAuthenticators: true}
Session ID: 46470929df881700a6d87e0ebaf28b53
*** Element info: {Using=xpath, value=//a[@class=&apos;logout&apos;]}" type="org.openqa.selenium.NoSuchElementException">org.openqa.selenium.NoSuchElementException: no such element: Unable to locate element: {&quot;method&quot;:&quot;xpath&quot;,&quot;selector&quot;:&quot;//a[@class=&apos;logout&apos;]&quot;}
  (Session info: chrome=85.0.4183.83)
For documentation on this error, please visit: https://selenium.dev/exceptions/#no_such_element
Build info: version: &apos;4.0.0-alpha-5&apos;, revision: &apos;b3a0d621cc&apos;
System info: host: &apos;DESKTOP-AUC81LG&apos;, ip: &apos;192.168.1.4&apos;, os.name: &apos;Windows 10&apos;, os.arch: &apos;amd64&apos;, os.version: &apos;10.0&apos;, java.version: &apos;11&apos;
Driver info: org.openqa.selenium.chrome.ChromeDriver
Capabilities {acceptInsecureCerts: false, browserName: chrome, browserVersion: 85.0.4183.83, chrome: {chromedriverVersion: 85.0.4183.87 (cd6713ebf92fa..., userDataDir: C:\Windows\TEMP\scoped_dir8...}, goog:chromeOptions: {debuggerAddress: localhost:52006}, javascriptEnabled: true, networkConnectionEnabled: false, pageLoadStrategy: normal, platform: WINDOWS, platformName: WINDOWS, proxy: Proxy(), setWindowRect: true, strictFileInteractability: false, timeouts: {implicit: 0, pageLoad: 300000, script: 30000}, unhandledPromptBehavior: dismiss and notify, webauthn:virtualAuthenticators: true}
Session ID: 46470929df881700a6d87e0ebaf28b53
*** Element info: {Using=xpath, value=//a[@class=&apos;logout&apos;]}
	at java.base/jdk.internal.reflect.NativeConstructorAccessorImpl.newInstance0(Native Method)
	at java.base/jdk.internal.reflect.NativeConstructorAccessorImpl.newInstance(NativeConstructorAccessorImpl.java:62)
	at java.base/jdk.internal.reflect.DelegatingConstructorAccessorImpl.newInstance(DelegatingConstructorAccessorImpl.java:45)
	at java.base/java.lang.reflect.Constructor.newInstance(Constructor.java:490)
	at org.openqa.selenium.remote.codec.w3c.W3CHttpResponseCodec.createException(W3CHttpResponseCodec.java:196)
	at org.openqa.selenium.remote.codec.w3c.W3CHttpResponseCodec.decode(W3CHttpResponseCodec.java:129)
	at org.openqa.selenium.remote.codec.w3c.W3CHttpResponseCodec.decode(W3CHttpResponseCodec.java:53)
	at org.openqa.selenium.remote.HttpCommandExecutor.execute(HttpCommandExecutor.java:161)
	at org.openqa.selenium.remote.service.DriverCommandExecutor.execute(DriverCommandExecutor.java:83)
	at org.openqa.selenium.remote.RemoteWebDriver.execute(RemoteWebDriver.java:582)
	at org.openqa.selenium.remote.RemoteWebDriver.findElement(RemoteWebDriver.java:333)
	at org.openqa.selenium.remote.RemoteWebDriver.findElementByXPath(RemoteWebDriver.java:451)
	at org.openqa.selenium.By$ByXPath.findElement(By.java:394)
	at org.openqa.selenium.remote.RemoteWebDriver.findElement(RemoteWebDriver.java:325)
	at com.FrameWorkDesign.Base.CommonComponents.clickByXpath(CommonComponents.java:505)
	at com.FrameWorkDesign.Page.AutomationPractiseHomePage.verifylogout(AutomationPractiseHomePage.java:52)
	at com.FrameWorkDesign.Test.AutomationHomePageTest.verifyLogout(AutomationHomePageTest.java:63)
</failure>
    <system-out>2020-09-04 16:52:09,788 +0530 [main] INFO  (Reporter.java:49) - Extent report - Create Test is initiated
</system-out>
  </testcase>
  <testcase classname="com.FrameWorkDesign.Test.AutomationHomePageTest" name="verifyForgotPassword" time="4.578"/>
  <testcase classname="com.FrameWorkDesign.Test.AutomationHomePageTest" name="verifySignIn" time="4.185"/>
  <testcase classname="com.FrameWorkDesign.Test.AutomationMyAccountPageTest" name="verifyChooseSection" time="1.857"/>
  <testcase classname="com.FrameWorkDesign.Test.AutomationMyAccountPageTest" name="verifyAddaddress" time="2.117"/>
  <testcase classname="com.FrameWorkDesign.Test.AutomationMyAccountPageTest" name="validateNewAddressAdded" time="3.865"/>
</testsuite>